<?xml version="1.0" encoding="UTF-8"?>
<testng-results ignored="0" total="1" passed="1" failed="0" skipped="0">
  <reporter-output>
  </reporter-output>
  <suite started-at="2022-08-15T21:34:46 AST" name="Suite" finished-at="2022-08-15T21:36:44 AST" duration-ms="117098">
    <groups>
    </groups>
    <test started-at="2022-08-15T21:34:46 AST" name="Test" finished-at="2022-08-15T21:36:44 AST" duration-ms="117098">
      <class name="com.simplilearn.appium.flipkart">
        <test-method is-config="true" signature="setUp()[pri:0, instance:com.simplilearn.appium.flipkart@1a18644]" started-at="2022-08-15T21:34:47 AST" name="setUp" finished-at="2022-08-15T21:35:20 AST" duration-ms="33030" status="PASS">
          <reporter-output>
          </reporter-output>
        </test-method> <!-- setUp -->
        <test-method signature="sampleTest()[pri:0, instance:com.simplilearn.appium.flipkart@1a18644]" started-at="2022-08-15T21:35:20 AST" name="sampleTest" finished-at="2022-08-15T21:36:39 AST" duration-ms="79029" status="PASS">
          <reporter-output>
          </reporter-output>
        </test-method> <!-- sampleTest -->
        <test-method is-config="true" signature="tearDown()[pri:0, instance:com.simplilearn.appium.flipkart@1a18644]" started-at="2022-08-15T21:36:39 AST" name="tearDown" finished-at="2022-08-15T21:36:44 AST" duration-ms="4678" status="PASS">
          <reporter-output>
          </reporter-output>
        </test-method> <!-- tearDown -->
      </class> <!-- com.simplilearn.appium.flipkart -->
    </test> <!-- Test -->
  </suite> <!-- Suite -->
</testng-results>
